   0.0000000000000000       3.82039020248510378E-008
  6.28318530717958679E-002  5.42064774433550616E-006
  0.12566370614359174       1.50767458482555857E-005
  0.18849555921538760       3.22046641744661222E-005
  0.25132741228718347       6.11071076115743243E-005
  0.31415926535897931       1.08079749667772785E-004
  0.37699111843077515       1.82148351069324387E-004
  0.43982297150257099       2.96005759027455264E-004
  0.50265482457436683       4.67175076539572218E-004
  0.56548667764616267       7.19417472789284584E-004
  0.62831853071795851       1.08438952879708712E-003
  0.69115038378975435       1.60353444509463215E-003
  0.75398223686155019       2.33016292692868549E-003
  0.81681408993334603       3.33164268552785421E-003
  0.87964594300514187       4.69157065257215684E-003
  0.94247779607693771       6.51175072634740341E-003
   1.0053096491487337       8.91374507869450300E-003
   1.0681415022205296       1.20397132692593046E-002
   1.1309733552923256       1.60522067945072407E-002
   1.1938052083641215       2.11325548821535633E-002
   1.2566370614359175       2.74774690299519272E-002
   1.3194689145077134       3.52935180364204251E-002
   1.3823007675795094       4.47891904808887173E-002
   1.4451326206513053       5.61643742703164667E-002
   1.5079644737231013       6.95972461474548415E-002
   1.5707963267948972       8.52287763816699656E-002
   1.6336281798666932       0.10314530772424946     
   1.6964600329384891       0.12335994885220967     
   1.7592918860102851       0.14579380982967077     
   1.8221237390820810       0.17025837332134411     
   1.8849555921538770       0.19644050869201804     
   1.9477874452256729       0.22389176325398003     
   2.0106192982974687       0.25202357409691900     
   2.0734511513692646       0.28010990935516583     
   2.1362830044410606       0.30729855376544390     
   2.1991148575128565       0.33263179823119698     
   2.2619467105846525       0.35507669190361280     
   2.3247785636564484       0.37356430111474376     
   2.3876104167282444       0.38703664272790689     
   2.4504422698000403       0.39449918474263906     
   2.5132741228718363       0.39507610799570386     
   2.5761059759436322       0.38806497522133476     
   2.6389378290154282       0.37298712702154857     
   2.7017696820872241       0.34963007317326583     
   2.7646015351590201       0.31807840447956937     
   2.8274333882308160       0.27873031917287044     
   2.8902652413026120       0.23229771162820848     
   2.9530970943744079       0.17978885204902623     
   3.0159289474462039       0.12247390944000713     
   3.0787608005179998       6.18348330818356690E-002
   3.1415926535897958      -4.97702547160678785E-004
   3.2044245066615917      -6.28165775295626838E-002
   3.2672563597333877      -0.12341528995387359     
   3.3300882128051836      -0.18066498060383532     
   3.3929200658769796      -0.23308659954680322     
   3.4557519189487755      -0.27941378261820510     
   3.5185837720205715      -0.31864273994785702     
   3.5814156250923674      -0.35006646929583002     
   3.6442474781641634      -0.37329179873642976     
   3.7070793312359593      -0.38823902637843671     
   3.7699111843077553      -0.39512514697184048     
   3.8327430373795512      -0.39443273315431893     
   3.8955748904513472      -0.38686738869997450     
   3.9584067435231431      -0.37330725511603058     
   4.0212385965949391      -0.35474830472046376     
   4.0840704496667346      -0.33224909751867188     
   4.1469023027385301      -0.30687834850344431     
   4.2097341558103256      -0.27966810144926613     
   4.2725660088821211      -0.25157460447411090     
   4.3353978619539166      -0.22344820731591786     
   4.3982297150257121      -0.19601282401480313     
   4.4610615680975076      -0.16985479195315883     
   4.5238934211693032      -0.14542035910151663     
   4.5867252742410987      -0.12302057866304056     
   4.6495571273128942      -0.10284209888982197     
   4.7123889803846897      -8.49622036995034968E-002
   4.7752208334564852      -6.93664709888677650E-002
   4.8380526865282807      -5.59675442978811444E-002
   4.9008845396000762      -4.46237279793639044E-002
   4.9637163926718717      -3.51563828125555713E-002
   5.0265482457436672      -2.73653864083815770E-002
   5.0893800988154627      -2.10422036142632260E-002
   5.1522119518872582      -1.59803654234958771E-002
   5.2150438049590537      -1.19833664862586953E-002
   5.2778756580308492      -8.87015379227963120E-003
   5.3407075111026447      -6.47849096711192261E-003
   5.4035393641744403      -4.66654712579878117E-003
   5.4663712172462358      -3.31308288980469798E-003
   5.5292030703180313      -2.31659741614423983E-003
   5.5920349233898268      -1.59376816859077759E-003
   5.6548667764616223      -1.07746837061225794E-003
   5.7176986295334178      -7.14593236043282705E-004
   5.7805304826052133      -4.63871307927417537E-004
   5.8433623356770088      -2.93786039880759701E-004
   5.9061941887488043      -1.80688030290825704E-004
   5.9690260418205998      -1.07141574658868894E-004
   6.0318578948923953      -6.05208212190081230E-005
   6.0946897479641908      -3.18503671156329253E-005
   6.1575216010359863      -1.48716571506735403E-005
   6.2203534541077818      -5.30880987045655194E-006
